# JRE version: Java(TM) SE Runtime Environment 18.9 (11.0.10+8) (build 11.0.10+8-LTS-162)
# Java VM: Java HotSpot(TM) 64-Bit Server VM 18.9 (11.0.10+8-LTS-162, mixed mode, tiered, compressed oops, g1 gc, windows-amd64)
Heap:
 garbage-first heap   total 131072K, used 60955K [0x0000000081e00000, 0x0000000100000000)
  region size 1024K, 43 young (44032K), 4 survivors (4096K)
 Metaspace       used 62205K, capacity 63741K, committed 63952K, reserved 1105920K
  class space    used 7865K, capacity 8450K, committed 8576K, reserved 1048576K
GC Heap History (10 events):
Event: 9.932 GC heap before
{Heap before GC invocations=8 (full 0):
 garbage-first heap   total 131072K, used 39142K [0x0000000081e00000, 0x0000000100000000)
  region size 1024K, 34 young (34816K), 7 survivors (7168K)
 Metaspace       used 34658K, capacity 35750K, committed 35920K, reserved 1081344K
  class space    used 4066K, capacity 4529K, committed 4608K, reserved 1048576K
}
Event: 9.944 GC heap after
{Heap after GC invocations=9 (full 0):
 garbage-first heap   total 131072K, used 14490K [0x0000000081e00000, 0x0000000100000000)
  region size 1024K, 6 young (6144K), 6 survivors (6144K)
 Metaspace       used 34658K, capacity 35750K, committed 35920K, reserved 1081344K
  class space    used 4066K, capacity 4529K, committed 4608K, reserved 1048576K
}
Event: 10.404 GC heap before
{Heap before GC invocations=10 (full 0):
 garbage-first heap   total 131072K, used 85146K [0x0000000081e00000, 0x0000000100000000)
  region size 1024K, 76 young (77824K), 6 survivors (6144K)
 Metaspace       used 35813K, capacity 37003K, committed 37328K, reserved 1081344K
  class space    used 4189K, capacity 4669K, committed 4736K, reserved 1048576K
}
Event: 10.414 GC heap after
{Heap after GC invocations=11 (full 0):
 garbage-first heap   total 131072K, used 15614K [0x0000000081e00000, 0x0000000100000000)
  region size 1024K, 6 young (6144K), 6 survivors (6144K)
 Metaspace       used 35813K, capacity 37003K, committed 37328K, reserved 1081344K
  class space    used 4189K, capacity 4669K, committed 4736K, reserved 1048576K
}
Event: 14.534 GC heap before
{Heap before GC invocations=11 (full 0):
 garbage-first heap   total 131072K, used 86270K [0x0000000081e00000, 0x0000000100000000)
  region size 1024K, 76 young (77824K), 6 survivors (6144K)
 Metaspace       used 46240K, capacity 47426K, committed 47696K, reserved 1091584K
  class space    used 5638K, capacity 6092K, committed 6144K, reserved 1048576K
}
Event: 14.544 GC heap after
{Heap after GC invocations=12 (full 0):
 garbage-first heap   total 131072K, used 18068K [0x0000000081e00000, 0x0000000100000000)
  region size 1024K, 6 young (6144K), 6 survivors (6144K)
 Metaspace       used 46240K, capacity 47426K, committed 47696K, reserved 1091584K
  class space    used 5638K, capacity 6092K, committed 6144K, reserved 1048576K
}
Event: 18.662 GC heap before
{Heap before GC invocations=12 (full 0):
 garbage-first heap   total 131072K, used 88724K [0x0000000081e00000, 0x0000000100000000)
  region size 1024K, 76 young (77824K), 6 survivors (6144K)
 Metaspace       used 58154K, capacity 59442K, committed 59600K, reserved 1101824K
  class space    used 7288K, capacity 7788K, committed 7808K, reserved 1048576K
}
Event: 18.673 GC heap after
{Heap after GC invocations=13 (full 0):
 garbage-first heap   total 131072K, used 21412K [0x0000000081e00000, 0x0000000100000000)
  region size 1024K, 7 young (7168K), 7 survivors (7168K)
 Metaspace       used 58154K, capacity 59442K, committed 59600K, reserved 1101824K
  class space    used 7288K, capacity 7788K, committed 7808K, reserved 1048576K
}
Event: 18.765 GC heap before
{Heap before GC invocations=13 (full 0):
 garbage-first heap   total 131072K, used 23460K [0x0000000081e00000, 0x0000000100000000)
  region size 1024K, 10 young (10240K), 7 survivors (7168K)
 Metaspace       used 58737K, capacity 60101K, committed 60240K, reserved 1101824K
  class space    used 7333K, capacity 7859K, committed 7936K, reserved 1048576K
}
Event: 18.776 GC heap after
{Heap after GC invocations=14 (full 0):
 garbage-first heap   total 131072K, used 22043K [0x0000000081e00000, 0x0000000100000000)
  region size 1024K, 4 young (4096K), 4 survivors (4096K)
 Metaspace       used 58737K, capacity 60101K, committed 60240K, reserved 1101824K
  class space    used 7333K, capacity 7859K, committed 7936K, reserved 1048576K
}

